2025-04-12 05:59:26.885 [info] Extension host with pid 3660 started
2025-04-12 05:59:27.273 [info] ExtensionService#_doActivateExtension vscode.github-authentication, startup: false, activationEvent: 'onAuthenticationRequest:github'
2025-04-12 05:59:27.493 [info] ExtensionService#_doActivateExtension vscode.git-base, startup: true, activationEvent: '*', root cause: vscode.git
2025-04-12 05:59:27.527 [info] ExtensionService#_doActivateExtension vscode.git, startup: true, activationEvent: '*'
2025-04-12 05:59:28.128 [info] ExtensionService#_doActivateExtension vscode.github, startup: true, activationEvent: '*'
2025-04-12 05:59:28.940 [info] Eager extensions activated
2025-04-12 05:59:29.900 [info] ExtensionService#_doActivateExtension vscode.debug-auto-launch, startup: false, activationEvent: 'onStartupFinished'
2025-04-12 05:59:29.951 [info] ExtensionService#_doActivateExtension vscode.merge-conflict, startup: false, activationEvent: 'onStartupFinished'
2025-04-12 05:59:33.857 [info] Extension host terminating: renderer closed the MessagePort
2025-04-12 05:59:34.024 [info] Extension host with pid 3660 exiting with code 0
2025-04-12 05:59:39.308 [info] Extension host with pid 3740 started
2025-04-12 05:59:39.308 [info] Skipping acquiring lock for /home/rootModulEmpat/.config/Code/User/workspaceStorage/40a6a13713eb35feda0525dac99c1fec.
2025-04-12 05:59:39.804 [info] ExtensionService#_doActivateExtension vscode.github-authentication, startup: false, activationEvent: 'onAuthenticationRequest:github'
2025-04-12 05:59:40.108 [info] ExtensionService#_doActivateExtension vscode.git-base, startup: true, activationEvent: '*'
2025-04-12 05:59:40.218 [info] ExtensionService#_doActivateExtension vscode.github, startup: true, activationEvent: '*'
2025-04-12 05:59:40.523 [info] Eager extensions activated
2025-04-12 05:59:40.625 [info] ExtensionService#_doActivateExtension vscode.debug-auto-launch, startup: false, activationEvent: 'onStartupFinished'
2025-04-12 05:59:40.638 [info] ExtensionService#_doActivateExtension vscode.merge-conflict, startup: false, activationEvent: 'onStartupFinished'
2025-04-12 05:59:47.604 [info] ExtensionService#_doActivateExtension vscode.git, startup: false, activationEvent: 'api', root cause: vscode.github
2025-04-12 05:59:52.767 [info] ExtensionService#_doActivateExtension vscode.emmet, startup: false, activationEvent: 'onLanguage'
2025-04-12 06:07:15.244 [info] ExtensionService#_doActivateExtension vscode.npm, startup: false, activationEvent: 'onTerminalQuickFixRequest:ms-vscode.npm-command'
