2025-04-12 05:59:28.601 [info] [main] Log level: Info
2025-04-12 05:59:28.601 [info] [main] Validating found git in: "git"
2025-04-12 05:59:28.907 [info] [main] Using git "2.43.0" from "git"
2025-04-12 05:59:28.907 [info] [Model][doInitialScan] Initial repository scan started
2025-04-12 05:59:28.925 [info] [Model][doInitialScan] Initial repository scan completed - repositories (0), closed repositories (0), parent repositories (0), unsafe repositories (0)
2025-04-12 05:59:48.132 [info] [main] Log level: Info
2025-04-12 05:59:48.132 [info] [main] Validating found git in: "git"
2025-04-12 05:59:48.132 [info] [main] Using git "2.43.0" from "git"
2025-04-12 05:59:48.132 [info] [Model][doInitialScan] Initial repository scan started
2025-04-12 05:59:48.280 [info] > git rev-parse --show-toplevel [140ms]
2025-04-12 05:59:48.280 [info] fatal: not a git repository (or any of the parent directories): .git
2025-04-12 05:59:48.303 [info] [Model][doInitialScan] Initial repository scan completed - repositories (0), closed repositories (0), parent repositories (0), unsafe repositories (0)
2025-04-12 05:59:53.028 [info] > git rev-parse --show-toplevel [6ms]
2025-04-12 05:59:53.028 [info] fatal: not a git repository (or any of the parent directories): .git
2025-04-12 05:59:54.117 [info] > git rev-parse --show-toplevel [115ms]
2025-04-12 05:59:54.117 [info] fatal: not a git repository (or any of the parent directories): .git
2025-04-12 05:59:54.171 [info] > git rev-parse --show-toplevel [12ms]
2025-04-12 05:59:54.171 [info] fatal: not a git repository (or any of the parent directories): .git
2025-04-12 05:59:54.211 [info] > git rev-parse --show-toplevel [20ms]
2025-04-12 05:59:54.211 [info] fatal: not a git repository (or any of the parent directories): .git
2025-04-12 05:59:54.267 [info] > git rev-parse --show-toplevel [22ms]
2025-04-12 05:59:54.267 [info] fatal: not a git repository (or any of the parent directories): .git
